2024-12-12 19:50:08,910 [Worker-4: Loading available Gradle versions] INFO  o.e.b.c.i.u.g.PublishedGradleVersions - Gradle version information cache is up-to-date. Trying to read.
2024-12-12 19:51:20,643 [Worker-8: Creating project "calculator"] INFO  o.e.m.c.i.l.LifecycleMappingFactory - Using org.eclipse.m2e.jdt.JarLifecycleMapping lifecycle mapping for MavenProject: com.example:calculator:0.0.1-SNAPSHOT @ D:\Akademija Strukovnih studija Nis\Predavanja\II Godina\3 Semestar\4 - PARS - Programski alati za razvoj softvera\Vezbe Java\calculator\pom.xml.
2024-12-12 19:51:23,822 [Worker-8: Creating project "calculator"] INFO  o.e.m.j.i.AbstractJavaProjectConfigurator - Adding source folder /calculator/src/main/java
2024-12-12 19:51:23,827 [Worker-8: Creating project "calculator"] INFO  o.e.m.j.i.AbstractJavaProjectConfigurator - Adding resource folder /calculator/src/main/resources
2024-12-12 19:51:23,830 [Worker-8: Creating project "calculator"] INFO  o.e.m.j.i.AbstractJavaProjectConfigurator - Adding source folder /calculator/src/test/java
2024-12-12 19:51:23,832 [Worker-8: Creating project "calculator"] INFO  o.e.m.j.i.AbstractJavaProjectConfigurator - Adding resource folder /calculator/src/test/resources
2024-12-12 19:51:25,462 [Worker-18: Building] WARN  o.a.m.s.f.DefaultMavenResourcesFiltering - Using platform encoding (UTF-8 actually) to copy filtered resources, i.e. build is platform dependent!
2024-12-12 19:51:25,479 [Worker-18: Building] INFO  o.a.m.s.f.DefaultMavenResourcesFiltering - Copying 0 resource from src\main\resources to target\classes
2024-12-12 19:51:25,495 [Worker-18: Building] WARN  o.a.m.s.f.DefaultMavenResourcesFiltering - Using platform encoding (UTF-8 actually) to copy filtered resources, i.e. build is platform dependent!
2024-12-12 19:51:25,497 [Worker-18: Building] INFO  o.a.m.s.f.DefaultMavenResourcesFiltering - Copying 0 resource from src\test\resources to target\test-classes
2024-12-12 19:52:40,557 [main] INFO  o.e.m2e.actions.ExecutePomAction - Creating new launch configuration
2024-12-12 19:53:02,339 [Worker-11: Launching calculator] INFO  o.eclipse.m2e.core.internal.Bundles - getClasspathEntries(Bundle=org.eclipse.m2e.maven.runtime_3.9.900.20240824-1409 [299])
2024-12-12 19:53:02,345 [Worker-11: Launching calculator] INFO  o.eclipse.m2e.core.internal.Bundles - 	Entry: C:\Users\Krle_\.p2\pool\plugins\org.eclipse.m2e.maven.runtime_3.9.900.20240824-1409
2024-12-12 19:53:02,347 [Worker-11: Launching calculator] INFO  o.eclipse.m2e.core.internal.Bundles - 	Entry: C:\Users\Krle_\.p2\pool\plugins\org.eclipse.m2e.maven.runtime_3.9.900.20240824-1409\jars\aopalliance-1.0.jar
2024-12-12 19:53:02,347 [Worker-11: Launching calculator] INFO  o.eclipse.m2e.core.internal.Bundles - 	Entry: C:\Users\Krle_\.p2\pool\plugins\org.eclipse.m2e.maven.runtime_3.9.900.20240824-1409\jars\guice-5.1.0.jar
2024-12-12 19:53:02,347 [Worker-11: Launching calculator] INFO  o.eclipse.m2e.core.internal.Bundles - 	Entry: C:\Users\Krle_\.p2\pool\plugins\org.eclipse.m2e.maven.runtime_3.9.900.20240824-1409\jars\httpclient-4.5.14.jar
2024-12-12 19:53:02,348 [Worker-11: Launching calculator] INFO  o.eclipse.m2e.core.internal.Bundles - 	Entry: C:\Users\Krle_\.p2\pool\plugins\org.eclipse.m2e.maven.runtime_3.9.900.20240824-1409\jars\httpcore-4.4.16.jar
2024-12-12 19:53:02,348 [Worker-11: Launching calculator] INFO  o.eclipse.m2e.core.internal.Bundles - 	Entry: C:\Users\Krle_\.p2\pool\plugins\org.eclipse.m2e.maven.runtime_3.9.900.20240824-1409\jars\jansi-2.4.1.jar
2024-12-12 19:53:02,348 [Worker-11: Launching calculator] INFO  o.eclipse.m2e.core.internal.Bundles - 	Entry: C:\Users\Krle_\.p2\pool\plugins\org.eclipse.m2e.maven.runtime_3.9.900.20240824-1409\jars\jcl-over-slf4j-1.7.36.jar
2024-12-12 19:53:02,349 [Worker-11: Launching calculator] INFO  o.eclipse.m2e.core.internal.Bundles - 	Entry: C:\Users\Krle_\.p2\pool\plugins\org.eclipse.m2e.maven.runtime_3.9.900.20240824-1409\jars\maven-artifact-3.9.9.jar
2024-12-12 19:53:02,349 [Worker-11: Launching calculator] INFO  o.eclipse.m2e.core.internal.Bundles - 	Entry: C:\Users\Krle_\.p2\pool\plugins\org.eclipse.m2e.maven.runtime_3.9.900.20240824-1409\jars\maven-builder-support-3.9.9.jar
2024-12-12 19:53:02,349 [Worker-11: Launching calculator] INFO  o.eclipse.m2e.core.internal.Bundles - 	Entry: C:\Users\Krle_\.p2\pool\plugins\org.eclipse.m2e.maven.runtime_3.9.900.20240824-1409\jars\maven-compat-3.9.9.jar
2024-12-12 19:53:02,351 [Worker-11: Launching calculator] INFO  o.eclipse.m2e.core.internal.Bundles - 	Entry: C:\Users\Krle_\.p2\pool\plugins\org.eclipse.m2e.maven.runtime_3.9.900.20240824-1409\jars\maven-core-3.9.9.jar
2024-12-12 19:53:02,351 [Worker-11: Launching calculator] INFO  o.eclipse.m2e.core.internal.Bundles - 	Entry: C:\Users\Krle_\.p2\pool\plugins\org.eclipse.m2e.maven.runtime_3.9.900.20240824-1409\jars\maven-embedder-3.9.9.jar
2024-12-12 19:53:02,352 [Worker-11: Launching calculator] INFO  o.eclipse.m2e.core.internal.Bundles - 	Entry: C:\Users\Krle_\.p2\pool\plugins\org.eclipse.m2e.maven.runtime_3.9.900.20240824-1409\jars\maven-model-3.9.9.jar
2024-12-12 19:53:02,352 [Worker-11: Launching calculator] INFO  o.eclipse.m2e.core.internal.Bundles - 	Entry: C:\Users\Krle_\.p2\pool\plugins\org.eclipse.m2e.maven.runtime_3.9.900.20240824-1409\jars\maven-model-builder-3.9.9.jar
2024-12-12 19:53:02,353 [Worker-11: Launching calculator] INFO  o.eclipse.m2e.core.internal.Bundles - 	Entry: C:\Users\Krle_\.p2\pool\plugins\org.eclipse.m2e.maven.runtime_3.9.900.20240824-1409\jars\maven-plugin-api-3.9.9.jar
2024-12-12 19:53:02,353 [Worker-11: Launching calculator] INFO  o.eclipse.m2e.core.internal.Bundles - 	Entry: C:\Users\Krle_\.p2\pool\plugins\org.eclipse.m2e.maven.runtime_3.9.900.20240824-1409\jars\maven-repository-metadata-3.9.9.jar
2024-12-12 19:53:02,353 [Worker-11: Launching calculator] INFO  o.eclipse.m2e.core.internal.Bundles - 	Entry: C:\Users\Krle_\.p2\pool\plugins\org.eclipse.m2e.maven.runtime_3.9.900.20240824-1409\jars\maven-resolver-api-1.9.22.jar
2024-12-12 19:53:02,354 [Worker-11: Launching calculator] INFO  o.eclipse.m2e.core.internal.Bundles - 	Entry: C:\Users\Krle_\.p2\pool\plugins\org.eclipse.m2e.maven.runtime_3.9.900.20240824-1409\jars\maven-resolver-connector-basic-1.9.22.jar
2024-12-12 19:53:02,354 [Worker-11: Launching calculator] INFO  o.eclipse.m2e.core.internal.Bundles - 	Entry: C:\Users\Krle_\.p2\pool\plugins\org.eclipse.m2e.maven.runtime_3.9.900.20240824-1409\jars\maven-resolver-impl-1.9.22.jar
2024-12-12 19:53:02,355 [Worker-11: Launching calculator] INFO  o.eclipse.m2e.core.internal.Bundles - 	Entry: C:\Users\Krle_\.p2\pool\plugins\org.eclipse.m2e.maven.runtime_3.9.900.20240824-1409\jars\maven-resolver-named-locks-1.9.22.jar
2024-12-12 19:53:02,355 [Worker-11: Launching calculator] INFO  o.eclipse.m2e.core.internal.Bundles - 	Entry: C:\Users\Krle_\.p2\pool\plugins\org.eclipse.m2e.maven.runtime_3.9.900.20240824-1409\jars\maven-resolver-provider-3.9.9.jar
2024-12-12 19:53:02,355 [Worker-11: Launching calculator] INFO  o.eclipse.m2e.core.internal.Bundles - 	Entry: C:\Users\Krle_\.p2\pool\plugins\org.eclipse.m2e.maven.runtime_3.9.900.20240824-1409\jars\maven-resolver-spi-1.9.22.jar
2024-12-12 19:53:02,355 [Worker-11: Launching calculator] INFO  o.eclipse.m2e.core.internal.Bundles - 	Entry: C:\Users\Krle_\.p2\pool\plugins\org.eclipse.m2e.maven.runtime_3.9.900.20240824-1409\jars\maven-resolver-transport-file-1.9.22.jar
2024-12-12 19:53:02,356 [Worker-11: Launching calculator] INFO  o.eclipse.m2e.core.internal.Bundles - 	Entry: C:\Users\Krle_\.p2\pool\plugins\org.eclipse.m2e.maven.runtime_3.9.900.20240824-1409\jars\maven-resolver-transport-http-1.9.22.jar
2024-12-12 19:53:02,356 [Worker-11: Launching calculator] INFO  o.eclipse.m2e.core.internal.Bundles - 	Entry: C:\Users\Krle_\.p2\pool\plugins\org.eclipse.m2e.maven.runtime_3.9.900.20240824-1409\jars\maven-resolver-transport-wagon-1.9.22.jar
2024-12-12 19:53:02,357 [Worker-11: Launching calculator] INFO  o.eclipse.m2e.core.internal.Bundles - 	Entry: C:\Users\Krle_\.p2\pool\plugins\org.eclipse.m2e.maven.runtime_3.9.900.20240824-1409\jars\maven-resolver-util-1.9.22.jar
2024-12-12 19:53:02,357 [Worker-11: Launching calculator] INFO  o.eclipse.m2e.core.internal.Bundles - 	Entry: C:\Users\Krle_\.p2\pool\plugins\org.eclipse.m2e.maven.runtime_3.9.900.20240824-1409\jars\maven-settings-3.9.9.jar
2024-12-12 19:53:02,358 [Worker-11: Launching calculator] INFO  o.eclipse.m2e.core.internal.Bundles - 	Entry: C:\Users\Krle_\.p2\pool\plugins\org.eclipse.m2e.maven.runtime_3.9.900.20240824-1409\jars\maven-settings-builder-3.9.9.jar
2024-12-12 19:53:02,359 [Worker-11: Launching calculator] INFO  o.eclipse.m2e.core.internal.Bundles - 	Entry: C:\Users\Krle_\.p2\pool\plugins\org.eclipse.m2e.maven.runtime_3.9.900.20240824-1409\jars\maven-shared-utils-3.4.2.jar
2024-12-12 19:53:02,359 [Worker-11: Launching calculator] INFO  o.eclipse.m2e.core.internal.Bundles - 	Entry: C:\Users\Krle_\.p2\pool\plugins\org.eclipse.m2e.maven.runtime_3.9.900.20240824-1409\jars\org.eclipse.sisu.inject-0.9.0.M3.jar
2024-12-12 19:53:02,360 [Worker-11: Launching calculator] INFO  o.eclipse.m2e.core.internal.Bundles - 	Entry: C:\Users\Krle_\.p2\pool\plugins\org.eclipse.m2e.maven.runtime_3.9.900.20240824-1409\jars\org.eclipse.sisu.plexus-0.9.0.M3.jar
2024-12-12 19:53:02,360 [Worker-11: Launching calculator] INFO  o.eclipse.m2e.core.internal.Bundles - 	Entry: C:\Users\Krle_\.p2\pool\plugins\org.eclipse.m2e.maven.runtime_3.9.900.20240824-1409\jars\plexus-build-api-0.0.7.jar
2024-12-12 19:53:02,361 [Worker-11: Launching calculator] INFO  o.eclipse.m2e.core.internal.Bundles - 	Entry: C:\Users\Krle_\.p2\pool\plugins\org.eclipse.m2e.maven.runtime_3.9.900.20240824-1409\jars\plexus-build-api-1.2.0.jar
2024-12-12 19:53:02,361 [Worker-11: Launching calculator] INFO  o.eclipse.m2e.core.internal.Bundles - 	Entry: C:\Users\Krle_\.p2\pool\plugins\org.eclipse.m2e.maven.runtime_3.9.900.20240824-1409\jars\plexus-cipher-2.0.jar
2024-12-12 19:53:02,361 [Worker-11: Launching calculator] INFO  o.eclipse.m2e.core.internal.Bundles - 	Entry: C:\Users\Krle_\.p2\pool\plugins\org.eclipse.m2e.maven.runtime_3.9.900.20240824-1409\jars\plexus-classworlds-2.8.0.jar
2024-12-12 19:53:02,362 [Worker-11: Launching calculator] INFO  o.eclipse.m2e.core.internal.Bundles - 	Entry: C:\Users\Krle_\.p2\pool\plugins\org.eclipse.m2e.maven.runtime_3.9.900.20240824-1409\jars\plexus-component-annotations-2.1.0.jar
2024-12-12 19:53:02,363 [Worker-11: Launching calculator] INFO  o.eclipse.m2e.core.internal.Bundles - 	Entry: C:\Users\Krle_\.p2\pool\plugins\org.eclipse.m2e.maven.runtime_3.9.900.20240824-1409\jars\plexus-interpolation-1.27.jar
2024-12-12 19:53:02,364 [Worker-11: Launching calculator] INFO  o.eclipse.m2e.core.internal.Bundles - 	Entry: C:\Users\Krle_\.p2\pool\plugins\org.eclipse.m2e.maven.runtime_3.9.900.20240824-1409\jars\plexus-sec-dispatcher-2.0.jar
2024-12-12 19:53:02,365 [Worker-11: Launching calculator] INFO  o.eclipse.m2e.core.internal.Bundles - 	Entry: C:\Users\Krle_\.p2\pool\plugins\org.eclipse.m2e.maven.runtime_3.9.900.20240824-1409\jars\plexus-utils-3.5.1.jar
2024-12-12 19:53:02,365 [Worker-11: Launching calculator] INFO  o.eclipse.m2e.core.internal.Bundles - 	Entry: C:\Users\Krle_\.p2\pool\plugins\org.eclipse.m2e.maven.runtime_3.9.900.20240824-1409\jars\plexus-xml-3.0.1.jar
2024-12-12 19:53:02,366 [Worker-11: Launching calculator] INFO  o.eclipse.m2e.core.internal.Bundles - 	Entry: C:\Users\Krle_\.p2\pool\plugins\org.eclipse.m2e.maven.runtime_3.9.900.20240824-1409\jars\wagon-file-3.5.3.jar
2024-12-12 19:53:02,366 [Worker-11: Launching calculator] INFO  o.eclipse.m2e.core.internal.Bundles - 	Entry: C:\Users\Krle_\.p2\pool\plugins\org.eclipse.m2e.maven.runtime_3.9.900.20240824-1409\jars\wagon-http-3.5.3.jar
2024-12-12 19:53:02,366 [Worker-11: Launching calculator] INFO  o.eclipse.m2e.core.internal.Bundles - 	Entry: C:\Users\Krle_\.p2\pool\plugins\org.eclipse.m2e.maven.runtime_3.9.900.20240824-1409\jars\wagon-http-shared-3.5.3.jar
2024-12-12 19:53:02,367 [Worker-11: Launching calculator] INFO  o.eclipse.m2e.core.internal.Bundles - 	Entry: C:\Users\Krle_\.p2\pool\plugins\org.eclipse.m2e.maven.runtime_3.9.900.20240824-1409\jars\wagon-provider-api-3.5.3.jar
2024-12-12 19:53:02,370 [Worker-11: Launching calculator] INFO  o.eclipse.m2e.core.internal.Bundles - getClasspathEntries(Bundle=com.google.guava_33.3.0.jre [10])
2024-12-12 19:53:02,371 [Worker-11: Launching calculator] INFO  o.eclipse.m2e.core.internal.Bundles - 	Entry: C:\Users\Krle_\.p2\pool\plugins\com.google.guava_33.3.0.jre.jar
2024-12-12 19:53:02,371 [Worker-11: Launching calculator] INFO  o.eclipse.m2e.core.internal.Bundles - getClasspathEntries(Bundle=slf4j.api_2.0.16 [521])
2024-12-12 19:53:02,372 [Worker-11: Launching calculator] INFO  o.eclipse.m2e.core.internal.Bundles - 	Entry: C:\Users\Krle_\.p2\pool\plugins\slf4j.api_2.0.16.jar
2024-12-12 19:53:02,372 [Worker-11: Launching calculator] INFO  o.eclipse.m2e.core.internal.Bundles - getClasspathEntries(Bundle=jakarta.inject.jakarta.inject-api_1.0.5 [22])
2024-12-12 19:53:02,373 [Worker-11: Launching calculator] INFO  o.eclipse.m2e.core.internal.Bundles - 	Entry: C:\Users\Krle_\.p2\pool\plugins\jakarta.inject.jakarta.inject-api_1.0.5.jar
2024-12-12 19:53:02,374 [Worker-11: Launching calculator] INFO  o.eclipse.m2e.core.internal.Bundles - getClasspathEntries(Bundle=jakarta.annotation-api_1.3.5 [20])
2024-12-12 19:53:02,375 [Worker-11: Launching calculator] INFO  o.eclipse.m2e.core.internal.Bundles - 	Entry: C:\Users\Krle_\.p2\pool\plugins\jakarta.annotation-api_1.3.5.jar
2024-12-12 19:53:02,376 [Worker-11: Launching calculator] INFO  o.eclipse.m2e.core.internal.Bundles - getClasspathEntries(Bundle=org.apache.commons.cli_1.9.0 [47])
2024-12-12 19:53:02,377 [Worker-11: Launching calculator] INFO  o.eclipse.m2e.core.internal.Bundles - 	Entry: C:\Users\Krle_\.p2\pool\plugins\org.apache.commons.cli_1.9.0.jar
2024-12-12 19:53:02,378 [Worker-11: Launching calculator] INFO  o.eclipse.m2e.core.internal.Bundles - getClasspathEntries(Bundle=org.apache.commons.commons-codec_1.16.0 [50])
2024-12-12 19:53:02,379 [Worker-11: Launching calculator] INFO  o.eclipse.m2e.core.internal.Bundles - 	Entry: C:\Users\Krle_\.p2\pool\plugins\org.apache.commons.commons-codec_1.16.0.jar
2024-12-12 19:53:02,380 [Worker-11: Launching calculator] INFO  o.eclipse.m2e.core.internal.Bundles - getClasspathEntries(Bundle=com.google.guava.failureaccess_1.0.2 [11])
2024-12-12 19:53:02,381 [Worker-11: Launching calculator] INFO  o.eclipse.m2e.core.internal.Bundles - 	Entry: C:\Users\Krle_\.p2\pool\plugins\com.google.guava.failureaccess_1.0.2.jar
2024-12-12 19:53:02,388 [Worker-11: Launching calculator] INFO  o.e.m.i.launch.MavenLaunchDelegate - Run build in "D:\Akademija Strukovnih studija Nis\Predavanja\II Godina\3 Semestar\4 - PARS - Programski alati za razvoj softvera\Vezbe Java\calculator":
2024-12-12 19:53:02,401 [Worker-11: Launching calculator] INFO  o.e.m.i.launch.MavenLaunchDelegate -  mvn  -B -Dstyle.color=always 
2024-12-12 19:53:03,347 [Worker-11: Launching calculator] INFO  o.e.m.c.i.e.AbstractTransferListenerAdapter - Downloading https://repo.maven.apache.org/maven2/org/junit/jupiter/junit-jupiter-api/5.7.0/junit-jupiter-api-5.7.0.pom
2024-12-12 19:53:03,443 [Worker-11: Launching calculator] INFO  o.e.m.c.i.e.AbstractTransferListenerAdapter - Downloaded https://repo.maven.apache.org/maven2/org/junit/jupiter/junit-jupiter-api/5.7.0/junit-jupiter-api-5.7.0.pom
2024-12-12 19:53:03,631 [Worker-11: Launching calculator] INFO  o.e.m.c.i.e.AbstractTransferListenerAdapter - Downloading https://repo.maven.apache.org/maven2/org/junit/junit-bom/5.7.0/junit-bom-5.7.0.pom
2024-12-12 19:53:03,685 [Worker-11: Launching calculator] INFO  o.e.m.c.i.e.AbstractTransferListenerAdapter - Downloaded https://repo.maven.apache.org/maven2/org/junit/junit-bom/5.7.0/junit-bom-5.7.0.pom
2024-12-12 19:53:03,828 [Worker-11: Launching calculator] INFO  o.e.m.c.i.e.AbstractTransferListenerAdapter - Downloading https://repo.maven.apache.org/maven2/org/apiguardian/apiguardian-api/1.1.0/apiguardian-api-1.1.0.pom
2024-12-12 19:53:03,881 [Worker-11: Launching calculator] INFO  o.e.m.c.i.e.AbstractTransferListenerAdapter - Downloaded https://repo.maven.apache.org/maven2/org/apiguardian/apiguardian-api/1.1.0/apiguardian-api-1.1.0.pom
2024-12-12 19:53:04,136 [Worker-11: Launching calculator] INFO  o.e.m.c.i.e.AbstractTransferListenerAdapter - Downloading https://repo.maven.apache.org/maven2/org/junit/platform/junit-platform-commons/1.7.0/junit-platform-commons-1.7.0.pom
2024-12-12 19:53:04,178 [Worker-11: Launching calculator] INFO  o.e.m.c.i.e.AbstractTransferListenerAdapter - Downloaded https://repo.maven.apache.org/maven2/org/junit/platform/junit-platform-commons/1.7.0/junit-platform-commons-1.7.0.pom
2024-12-12 19:53:04,345 [Worker-11: Launching calculator] INFO  o.e.m.c.i.e.AbstractTransferListenerAdapter - Downloading https://repo.maven.apache.org/maven2/org/junit/jupiter/junit-jupiter-engine/5.7.0/junit-jupiter-engine-5.7.0.pom
2024-12-12 19:53:04,402 [Worker-11: Launching calculator] INFO  o.e.m.c.i.e.AbstractTransferListenerAdapter - Downloaded https://repo.maven.apache.org/maven2/org/junit/jupiter/junit-jupiter-engine/5.7.0/junit-jupiter-engine-5.7.0.pom
2024-12-12 19:53:04,555 [Worker-11: Launching calculator] INFO  o.e.m.c.i.e.AbstractTransferListenerAdapter - Downloading https://repo.maven.apache.org/maven2/org/junit/platform/junit-platform-engine/1.7.0/junit-platform-engine-1.7.0.pom
2024-12-12 19:53:04,600 [Worker-11: Launching calculator] INFO  o.e.m.c.i.e.AbstractTransferListenerAdapter - Downloaded https://repo.maven.apache.org/maven2/org/junit/platform/junit-platform-engine/1.7.0/junit-platform-engine-1.7.0.pom
2024-12-12 19:53:04,757 [Worker-11: Launching calculator] INFO  o.e.m.c.i.e.AbstractTransferListenerAdapter - Downloading https://repo.maven.apache.org/maven2/org/junit/jupiter/junit-jupiter-api/5.7.0/junit-jupiter-api-5.7.0.jar
2024-12-12 19:53:04,936 [Worker-11: Launching calculator] INFO  o.e.m.c.i.e.AbstractTransferListenerAdapter - Downloaded https://repo.maven.apache.org/maven2/org/junit/jupiter/junit-jupiter-api/5.7.0/junit-jupiter-api-5.7.0.jar
2024-12-12 19:53:05,063 [BasicRepositoryConnector-repo.maven.apache.org-0-1] INFO  o.e.m.c.i.e.AbstractTransferListenerAdapter - Downloading https://repo.maven.apache.org/maven2/org/junit/platform/junit-platform-commons/1.7.0/junit-platform-commons-1.7.0.jar
2024-12-12 19:53:05,211 [BasicRepositoryConnector-repo.maven.apache.org-0-1] INFO  o.e.m.c.i.e.AbstractTransferListenerAdapter - Downloaded https://repo.maven.apache.org/maven2/org/junit/platform/junit-platform-commons/1.7.0/junit-platform-commons-1.7.0.jar
2024-12-12 19:53:05,267 [BasicRepositoryConnector-repo.maven.apache.org-0-2] INFO  o.e.m.c.i.e.AbstractTransferListenerAdapter - Downloading https://repo.maven.apache.org/maven2/org/junit/jupiter/junit-jupiter-engine/5.7.0/junit-jupiter-engine-5.7.0.jar
2024-12-12 19:53:05,272 [BasicRepositoryConnector-repo.maven.apache.org-0-3] INFO  o.e.m.c.i.e.AbstractTransferListenerAdapter - Downloading https://repo.maven.apache.org/maven2/org/junit/platform/junit-platform-engine/1.7.0/junit-platform-engine-1.7.0.jar
2024-12-12 19:53:05,274 [BasicRepositoryConnector-repo.maven.apache.org-0-0] INFO  o.e.m.c.i.e.AbstractTransferListenerAdapter - Downloading https://repo.maven.apache.org/maven2/org/apiguardian/apiguardian-api/1.1.0/apiguardian-api-1.1.0.jar
2024-12-12 19:53:05,351 [BasicRepositoryConnector-repo.maven.apache.org-0-0] INFO  o.e.m.c.i.e.AbstractTransferListenerAdapter - Downloaded https://repo.maven.apache.org/maven2/org/apiguardian/apiguardian-api/1.1.0/apiguardian-api-1.1.0.jar
2024-12-12 19:53:05,815 [BasicRepositoryConnector-repo.maven.apache.org-0-3] INFO  o.e.m.c.i.e.AbstractTransferListenerAdapter - Downloaded https://repo.maven.apache.org/maven2/org/junit/platform/junit-platform-engine/1.7.0/junit-platform-engine-1.7.0.jar
2024-12-12 19:53:05,815 [BasicRepositoryConnector-repo.maven.apache.org-0-2] INFO  o.e.m.c.i.e.AbstractTransferListenerAdapter - Downloaded https://repo.maven.apache.org/maven2/org/junit/jupiter/junit-jupiter-engine/5.7.0/junit-jupiter-engine-5.7.0.jar
2024-12-12 19:53:06,296 [Worker-16: Building] INFO  o.e.m.c.i.l.LifecycleMappingFactory - Using org.eclipse.m2e.jdt.JarLifecycleMapping lifecycle mapping for MavenProject: com.example:calculator:1.0-SNAPSHOT @ D:\Akademija Strukovnih studija Nis\Predavanja\II Godina\3 Semestar\4 - PARS - Programski alati za razvoj softvera\Vezbe Java\calculator\pom.xml.
2024-12-12 19:53:06,737 [Worker-16: Building] WARN  o.a.m.s.f.DefaultMavenResourcesFiltering - Using platform encoding (UTF-8 actually) to copy filtered resources, i.e. build is platform dependent!
2024-12-12 19:53:06,742 [Worker-16: Building] INFO  o.a.m.s.f.DefaultMavenResourcesFiltering - Copying 0 resource from src\main\resources to target\classes
2024-12-12 19:53:06,752 [Worker-16: Building] WARN  o.a.m.s.f.DefaultMavenResourcesFiltering - Using platform encoding (UTF-8 actually) to copy filtered resources, i.e. build is platform dependent!
2024-12-12 19:53:06,756 [Worker-16: Building] INFO  o.a.m.s.f.DefaultMavenResourcesFiltering - Copying 0 resource from src\test\resources to target\test-classes
2024-12-12 19:53:07,683 [Worker-36: Download sources and javadoc] INFO  o.e.m.c.i.e.AbstractTransferListenerAdapter - Downloading https://repo.maven.apache.org/maven2/org/junit/jupiter/junit-jupiter-api/5.7.0/junit-jupiter-api-5.7.0-sources.jar
2024-12-12 19:53:07,971 [Worker-36: Download sources and javadoc] INFO  o.e.m.c.i.e.AbstractTransferListenerAdapter - Downloaded https://repo.maven.apache.org/maven2/org/junit/jupiter/junit-jupiter-api/5.7.0/junit-jupiter-api-5.7.0-sources.jar
2024-12-12 19:53:07,984 [Worker-36: Download sources and javadoc] INFO  o.e.m.j.internal.DownloadSourcesJob - Downloaded sources for org.junit.jupiter:junit-jupiter-api:5.7.0
2024-12-12 19:53:08,176 [Worker-36: Download sources and javadoc] INFO  o.e.m.c.i.e.AbstractTransferListenerAdapter - Downloading https://repo.maven.apache.org/maven2/org/apiguardian/apiguardian-api/1.1.0/apiguardian-api-1.1.0-sources.jar
2024-12-12 19:53:08,249 [Worker-36: Download sources and javadoc] INFO  o.e.m.c.i.e.AbstractTransferListenerAdapter - Downloaded https://repo.maven.apache.org/maven2/org/apiguardian/apiguardian-api/1.1.0/apiguardian-api-1.1.0-sources.jar
2024-12-12 19:53:08,257 [Worker-36: Download sources and javadoc] INFO  o.e.m.j.internal.DownloadSourcesJob - Downloaded sources for org.apiguardian:apiguardian-api:1.1.0
2024-12-12 19:53:08,410 [Worker-10: Building] WARN  o.a.m.s.f.DefaultMavenResourcesFiltering - Using platform encoding (UTF-8 actually) to copy filtered resources, i.e. build is platform dependent!
2024-12-12 19:53:08,413 [Worker-10: Building] INFO  o.a.m.s.f.DefaultMavenResourcesFiltering - Copying 0 resource from src\main\resources to target\classes
2024-12-12 19:53:08,419 [Worker-10: Building] WARN  o.a.m.s.f.DefaultMavenResourcesFiltering - Using platform encoding (UTF-8 actually) to copy filtered resources, i.e. build is platform dependent!
2024-12-12 19:53:08,422 [Worker-10: Building] INFO  o.a.m.s.f.DefaultMavenResourcesFiltering - Copying 0 resource from src\test\resources to target\test-classes
2024-12-12 19:53:08,444 [Worker-36: Download sources and javadoc] INFO  o.e.m.c.i.e.AbstractTransferListenerAdapter - Downloading https://repo.maven.apache.org/maven2/org/opentest4j/opentest4j/1.2.0/opentest4j-1.2.0-sources.jar
2024-12-12 19:53:08,762 [Worker-36: Download sources and javadoc] INFO  o.e.m.c.i.e.AbstractTransferListenerAdapter - Downloaded https://repo.maven.apache.org/maven2/org/opentest4j/opentest4j/1.2.0/opentest4j-1.2.0-sources.jar
2024-12-12 19:53:08,769 [Worker-36: Download sources and javadoc] INFO  o.e.m.j.internal.DownloadSourcesJob - Downloaded sources for org.opentest4j:opentest4j:1.2.0
2024-12-12 19:53:09,070 [Worker-36: Download sources and javadoc] INFO  o.e.m.c.i.e.AbstractTransferListenerAdapter - Downloading https://repo.maven.apache.org/maven2/org/junit/platform/junit-platform-commons/1.7.0/junit-platform-commons-1.7.0-sources.jar
2024-12-12 19:53:09,230 [Worker-36: Download sources and javadoc] INFO  o.e.m.c.i.e.AbstractTransferListenerAdapter - Downloaded https://repo.maven.apache.org/maven2/org/junit/platform/junit-platform-commons/1.7.0/junit-platform-commons-1.7.0-sources.jar
2024-12-12 19:53:09,239 [Worker-36: Download sources and javadoc] INFO  o.e.m.j.internal.DownloadSourcesJob - Downloaded sources for org.junit.platform:junit-platform-commons:1.7.0
2024-12-12 19:53:09,411 [Worker-36: Download sources and javadoc] INFO  o.e.m.c.i.e.AbstractTransferListenerAdapter - Downloading https://repo.maven.apache.org/maven2/org/junit/jupiter/junit-jupiter-engine/5.7.0/junit-jupiter-engine-5.7.0-sources.jar
2024-12-12 19:53:09,639 [Worker-36: Download sources and javadoc] INFO  o.e.m.c.i.e.AbstractTransferListenerAdapter - Downloaded https://repo.maven.apache.org/maven2/org/junit/jupiter/junit-jupiter-engine/5.7.0/junit-jupiter-engine-5.7.0-sources.jar
2024-12-12 19:53:09,648 [Worker-36: Download sources and javadoc] INFO  o.e.m.j.internal.DownloadSourcesJob - Downloaded sources for org.junit.jupiter:junit-jupiter-engine:5.7.0
2024-12-12 19:53:09,843 [Worker-36: Download sources and javadoc] INFO  o.e.m.c.i.e.AbstractTransferListenerAdapter - Downloading https://repo.maven.apache.org/maven2/org/junit/platform/junit-platform-engine/1.7.0/junit-platform-engine-1.7.0-sources.jar
2024-12-12 19:53:10,060 [Worker-36: Download sources and javadoc] INFO  o.e.m.c.i.e.AbstractTransferListenerAdapter - Downloaded https://repo.maven.apache.org/maven2/org/junit/platform/junit-platform-engine/1.7.0/junit-platform-engine-1.7.0-sources.jar
2024-12-12 19:53:10,069 [Worker-36: Download sources and javadoc] INFO  o.e.m.j.internal.DownloadSourcesJob - Downloaded sources for org.junit.platform:junit-platform-engine:1.7.0
2024-12-12 19:56:47,508 [main] INFO  o.e.m2e.actions.ExecutePomAction - Creating new launch configuration
2024-12-12 20:04:44,483 [Worker-40: Building] WARN  o.a.m.s.f.DefaultMavenResourcesFiltering - Using platform encoding (UTF-8 actually) to copy filtered resources, i.e. build is platform dependent!
2024-12-12 20:04:44,486 [Worker-40: Building] INFO  o.a.m.s.f.DefaultMavenResourcesFiltering - Copying 0 resource from src\main\resources to target\classes
2024-12-12 20:04:44,493 [Worker-40: Building] WARN  o.a.m.s.f.DefaultMavenResourcesFiltering - Using platform encoding (UTF-8 actually) to copy filtered resources, i.e. build is platform dependent!
2024-12-12 20:04:44,496 [Worker-40: Building] INFO  o.a.m.s.f.DefaultMavenResourcesFiltering - Copying 0 resource from src\test\resources to target\test-classes
2024-12-12 20:05:43,972 [Worker-1: Building] WARN  o.a.m.s.f.DefaultMavenResourcesFiltering - Using platform encoding (UTF-8 actually) to copy filtered resources, i.e. build is platform dependent!
2024-12-12 20:05:43,977 [Worker-1: Building] INFO  o.a.m.s.f.DefaultMavenResourcesFiltering - Copying 0 resource from src\main\resources to target\classes
2024-12-12 20:05:43,985 [Worker-1: Building] WARN  o.a.m.s.f.DefaultMavenResourcesFiltering - Using platform encoding (UTF-8 actually) to copy filtered resources, i.e. build is platform dependent!
2024-12-12 20:05:43,987 [Worker-1: Building] INFO  o.a.m.s.f.DefaultMavenResourcesFiltering - Copying 0 resource from src\test\resources to target\test-classes
2024-12-12 20:07:56,682 [main] INFO  o.e.m.jdt.internal.UnitTestSupport - Updating CalculatorTest from maven configuration
2024-12-12 20:08:05,497 [Worker-1: Launching CalculatorTest] WARN  o.a.m.s.f.DefaultMavenResourcesFiltering - Using platform encoding (UTF-8 actually) to copy filtered resources, i.e. build is platform dependent!
2024-12-12 20:08:05,500 [Worker-1: Launching CalculatorTest] INFO  o.a.m.s.f.DefaultMavenResourcesFiltering - Copying 0 resource from src\main\resources to target\classes
2024-12-12 20:08:05,506 [Worker-1: Launching CalculatorTest] WARN  o.a.m.s.f.DefaultMavenResourcesFiltering - Using platform encoding (UTF-8 actually) to copy filtered resources, i.e. build is platform dependent!
2024-12-12 20:08:05,510 [Worker-1: Launching CalculatorTest] INFO  o.a.m.s.f.DefaultMavenResourcesFiltering - Copying 0 resource from src\test\resources to target\test-classes
2024-12-12 20:08:06,590 [Worker-1: Launching CalculatorTest] INFO  o.e.m.c.i.e.AbstractTransferListenerAdapter - Downloading https://repo.maven.apache.org/maven2/org/junit/platform/junit-platform-launcher/1.7.0/junit-platform-launcher-1.7.0.jar
2024-12-12 20:08:07,481 [Worker-1: Launching CalculatorTest] INFO  o.e.m.c.i.e.AbstractTransferListenerAdapter - Downloaded https://repo.maven.apache.org/maven2/org/junit/platform/junit-platform-launcher/1.7.0/junit-platform-launcher-1.7.0.jar
